Taylor coefficients: [0.06629(74) -0.0527(11) 0.0473(15) -0.0436(19)]

1) a_mu contribution = 5.412(57)e-09

Partial % Errors:
                a_mu      mom4
------------------------------
        G:      0.01      0.01
        Z:      0.34      0.34
     ainv:      1.00      1.06
------------------------------
    total:      1.06      1.11

2) a_mu contribution = 5.412(57)e-09

Partial % Errors:
                a_mu      mom4
------------------------------
        G:      0.01      0.01
        Z:      0.34      0.34
     ainv:      1.00      1.06
------------------------------
    total:      1.06      1.11

3) a_mu contribution (win) = 4.968(43)e-09

Partial % Errors:
                a_mu      mom4
------------------------------
        G:      0.01      0.01
        Z:      0.34      0.34
     ainv:      0.80      1.06
------------------------------
    total:      0.87      1.11

